\\banner.main.ad.rit.edu\students\mrp3362\igmprofile\documents\sophmore\spring\dsa1\matthewpressmanenginehomework\opengl\debug\vc140.idb
\\banner.main.ad.rit.edu\students\mrp3362\igmprofile\documents\sophmore\spring\dsa1\matthewpressmanenginehomework\opengl\debug\vc140.pdb
\\banner.main.ad.rit.edu\students\mrp3362\igmprofile\documents\sophmore\spring\dsa1\matthewpressmanenginehomework\opengl\debug\engine.obj
\\banner.main.ad.rit.edu\students\mrp3362\igmprofile\documents\sophmore\spring\dsa1\matthewpressmanenginehomework\opengl\debug\main.obj
d:\users\mrp3362\matthewpressmanenginehomework\opengl\debug\vc140.pdb
d:\users\mrp3362\matthewpressmanenginehomework\opengl\debug\vc140.idb
d:\users\mrp3362\matthewpressmanenginehomework\opengl\debug\engine.obj
d:\users\mrp3362\matthewpressmanenginehomework\opengl\debug\main.obj
\\banner.main.ad.rit.edu\students\mrp3362\igmprofile\documents\sophmore\spring\dsa1\matthewpressmanenginehomework\debug\matthewpressmanengine.ilk
\\banner.main.ad.rit.edu\students\mrp3362\igmprofile\documents\sophmore\spring\dsa1\matthewpressmanenginehomework\debug\matthewpressmanengine.exe
\\banner.main.ad.rit.edu\students\mrp3362\igmprofile\documents\sophmore\spring\dsa1\matthewpressmanenginehomework\debug\matthewpressmanengine.pdb
d:\users\mrp3362\matthewpressmanenginehomework\debug\matthewpressmanengine.pdb
d:\users\mrp3362\matthewpressmanenginehomework\debug\matthewpressmanengine.exe
d:\users\mrp3362\matthewpressmanenginehomework\debug\matthewpressmanengine.ilk
d:\users\mrp3362\matthewpressmanenginehomework\opengl\debug\matthewp.c8db7d90.tlog\cl.command.1.tlog
d:\users\mrp3362\matthewpressmanenginehomework\opengl\debug\matthewp.c8db7d90.tlog\cl.read.1.tlog
d:\users\mrp3362\matthewpressmanenginehomework\opengl\debug\matthewp.c8db7d90.tlog\cl.write.1.tlog
d:\users\mrp3362\matthewpressmanenginehomework\opengl\debug\matthewp.c8db7d90.tlog\link.command.1.tlog
d:\users\mrp3362\matthewpressmanenginehomework\opengl\debug\matthewp.c8db7d90.tlog\link.read.1.tlog
d:\users\mrp3362\matthewpressmanenginehomework\opengl\debug\matthewp.c8db7d90.tlog\link.write.1.tlog
